<?xml version="1.0" encoding="UTF-8"?>
<testsuite name="com.hyunjong.book.springboot.web.HelloControllerTest" tests="2" skipped="0" failures="0" errors="0" timestamp="2020-07-10T17:18:28" hostname="DESKTOP-IJTT82P" time="0.749">
  <properties/>
  <testcase name="hello가_리턴된다" classname="com.hyunjong.book.springboot.web.HelloControllerTest" time="0.648"/>
  <testcase name="helloDto가_리턴된다" classname="com.hyunjong.book.springboot.web.HelloControllerTest" time="0.099"/>
  <system-out><![CDATA[02:18:24.117 [Test worker] DEBUG org.springframework.test.context.junit4.SpringJUnit4ClassRunner - SpringJUnit4ClassRunner constructor called with [class com.hyunjong.book.springboot.web.HelloControllerTest]
02:18:24.131 [Test worker] DEBUG org.springframework.test.context.BootstrapUtils - Instantiating CacheAwareContextLoaderDelegate from class [org.springframework.test.context.cache.DefaultCacheAwareContextLoaderDelegate]
02:18:24.146 [Test worker] DEBUG org.springframework.test.context.BootstrapUtils - Instantiating BootstrapContext using constructor [public org.springframework.test.context.support.DefaultBootstrapContext(java.lang.Class,org.springframework.test.context.CacheAwareContextLoaderDelegate)]
02:18:24.182 [Test worker] DEBUG org.springframework.test.context.BootstrapUtils - Instantiating TestContextBootstrapper for test class [com.hyunjong.book.springboot.web.HelloControllerTest] from class [org.springframework.boot.test.autoconfigure.web.servlet.WebMvcTestContextBootstrapper]
02:18:24.213 [Test worker] INFO org.springframework.boot.test.autoconfigure.web.servlet.WebMvcTestContextBootstrapper - Neither @ContextConfiguration nor @ContextHierarchy found for test class [com.hyunjong.book.springboot.web.HelloControllerTest], using SpringBootContextLoader
02:18:24.219 [Test worker] DEBUG org.springframework.test.context.support.AbstractContextLoader - Did not detect default resource location for test class [com.hyunjong.book.springboot.web.HelloControllerTest]: class path resource [com/hyunjong/book/springboot/web/HelloControllerTest-context.xml] does not exist
02:18:24.221 [Test worker] DEBUG org.springframework.test.context.support.AbstractContextLoader - Did not detect default resource location for test class [com.hyunjong.book.springboot.web.HelloControllerTest]: class path resource [com/hyunjong/book/springboot/web/HelloControllerTestContext.groovy] does not exist
02:18:24.221 [Test worker] INFO org.springframework.test.context.support.AbstractContextLoader - Could not detect default resource locations for test class [com.hyunjong.book.springboot.web.HelloControllerTest]: no resource found for suffixes {-context.xml, Context.groovy}.
02:18:24.223 [Test worker] INFO org.springframework.test.context.support.AnnotationConfigContextLoaderUtils - Could not detect default configuration classes for test class [com.hyunjong.book.springboot.web.HelloControllerTest]: HelloControllerTest does not declare any static, non-private, non-final, nested classes annotated with @Configuration.
02:18:24.345 [Test worker] DEBUG org.springframework.test.context.support.ActiveProfilesUtils - Could not find an 'annotation declaring class' for annotation type [org.springframework.test.context.ActiveProfiles] and class [com.hyunjong.book.springboot.web.HelloControllerTest]
02:18:24.463 [Test worker] DEBUG org.springframework.context.annotation.ClassPathScanningCandidateComponentProvider - Identified candidate component class: file [C:\Users\leehyunjong\Desktop\spring_project\star-springboot\build\classes\java\main\com\hyunjong\book\springboot\Application.class]
02:18:24.465 [Test worker] INFO org.springframework.boot.test.context.SpringBootTestContextBootstrapper - Found @SpringBootConfiguration com.hyunjong.book.springboot.Application for test class com.hyunjong.book.springboot.web.HelloControllerTest
02:18:24.468 [Test worker] DEBUG org.springframework.boot.test.autoconfigure.web.servlet.WebMvcTestContextBootstrapper - @TestExecutionListeners is not present for class [com.hyunjong.book.springboot.web.HelloControllerTest]: using defaults.
02:18:24.469 [Test worker] INFO org.springframework.boot.test.autoconfigure.web.servlet.WebMvcTestContextBootstrapper - Loaded default TestExecutionListener class names from location [META-INF/spring.factories]: [org.springframework.security.test.context.support.WithSecurityContextTestExecutionListener, org.springframework.security.test.context.support.ReactorContextTestExecutionListener, org.springframework.boot.test.autoconfigure.restdocs.RestDocsTestExecutionListener, org.springframework.boot.test.autoconfigure.web.client.MockRestServiceServerResetTestExecutionListener, org.springframework.boot.test.autoconfigure.web.servlet.MockMvcPrintOnlyOnFailureTestExecutionListener, org.springframework.boot.test.autoconfigure.web.servlet.WebDriverTestExecutionListener, org.springframework.boot.test.mock.mockito.MockitoTestExecutionListener, org.springframework.boot.test.mock.mockito.ResetMocksTestExecutionListener, org.springframework.test.context.web.ServletTestExecutionListener, org.springframework.test.context.support.DirtiesContextBeforeModesTestExecutionListener, org.springframework.test.context.support.DependencyInjectionTestExecutionListener, org.springframework.test.context.support.DirtiesContextTestExecutionListener, org.springframework.test.context.transaction.TransactionalTestExecutionListener, org.springframework.test.context.jdbc.SqlScriptsTestExecutionListener]
02:18:24.497 [Test worker] INFO org.springframework.boot.test.autoconfigure.web.servlet.WebMvcTestContextBootstrapper - Using TestExecutionListeners: [org.springframework.test.context.web.ServletTestExecutionListener@7b4080f4, org.springframework.test.context.support.DirtiesContextBeforeModesTestExecutionListener@75df496f, org.springframework.boot.test.mock.mockito.MockitoTestExecutionListener@65a6c266, org.springframework.boot.test.autoconfigure.SpringBootDependencyInjectionTestExecutionListener@27fbb63b, org.springframework.test.context.support.DirtiesContextTestExecutionListener@5843d510, org.springframework.test.context.transaction.TransactionalTestExecutionListener@57586b46, org.springframework.test.context.jdbc.SqlScriptsTestExecutionListener@4be2639, org.springframework.security.test.context.support.WithSecurityContextTestExecutionListener@7e0e02fb, org.springframework.security.test.context.support.ReactorContextTestExecutionListener@3823a37f, org.springframework.boot.test.autoconfigure.restdocs.RestDocsTestExecutionListener@2cb5fd66, org.springframework.boot.test.autoconfigure.web.client.MockRestServiceServerResetTestExecutionListener@59cf8927, org.springframework.boot.test.autoconfigure.web.servlet.MockMvcPrintOnlyOnFailureTestExecutionListener@5758413f, org.springframework.boot.test.autoconfigure.web.servlet.WebDriverTestExecutionListener@724538f0, org.springframework.boot.test.mock.mockito.ResetMocksTestExecutionListener@7118b513]
02:18:24.501 [Test worker] DEBUG org.springframework.test.annotation.ProfileValueUtils - Retrieved @ProfileValueSourceConfiguration [null] for test class [com.hyunjong.book.springboot.web.HelloControllerTest]
02:18:24.502 [Test worker] DEBUG org.springframework.test.annotation.ProfileValueUtils - Retrieved ProfileValueSource type [class org.springframework.test.annotation.SystemProfileValueSource] for class [com.hyunjong.book.springboot.web.HelloControllerTest]
02:18:24.503 [Test worker] DEBUG org.springframework.test.annotation.ProfileValueUtils - Retrieved @ProfileValueSourceConfiguration [null] for test class [com.hyunjong.book.springboot.web.HelloControllerTest]
02:18:24.504 [Test worker] DEBUG org.springframework.test.annotation.ProfileValueUtils - Retrieved ProfileValueSource type [class org.springframework.test.annotation.SystemProfileValueSource] for class [com.hyunjong.book.springboot.web.HelloControllerTest]
02:18:24.511 [Test worker] DEBUG org.springframework.test.context.support.AbstractDirtiesContextTestExecutionListener - Before test class: context [DefaultTestContext@585868cd testClass = HelloControllerTest, testInstance = [null], testMethod = [null], testException = [null], mergedContextConfiguration = [WebMergedContextConfiguration@35a749a2 testClass = HelloControllerTest, locations = '{}', classes = '{class com.hyunjong.book.springboot.Application}', contextInitializerClasses = '[]', activeProfiles = '{}', propertySourceLocations = '{}', propertySourceProperties = '{org.springframework.boot.test.autoconfigure.web.servlet.WebMvcTestContextBootstrapper=true}', contextCustomizers = set[org.springframework.boot.test.autoconfigure.OverrideAutoConfigurationContextCustomizerFactory$DisableAutoConfigurationContextCustomizer@34f2eea8, org.springframework.boot.test.autoconfigure.filter.TypeExcludeFiltersContextCustomizer@f31c0a94, org.springframework.boot.test.autoconfigure.properties.PropertyMappingContextCustomizer@9ca6ca84, org.springframework.boot.test.autoconfigure.web.servlet.WebDriverContextCustomizerFactory$Customizer@1c97d3cf, [ImportsContextCustomizer@58169e71 key = [org.springframework.boot.autoconfigure.cache.CacheAutoConfiguration, org.springframework.boot.autoconfigure.context.MessageSourceAutoConfiguration, org.springframework.boot.autoconfigure.data.web.SpringDataWebAutoConfiguration, org.springframework.boot.autoconfigure.freemarker.FreeMarkerAutoConfiguration, org.springframework.boot.autoconfigure.groovy.template.GroovyTemplateAutoConfiguration, org.springframework.boot.autoconfigure.gson.GsonAutoConfiguration, org.springframework.boot.autoconfigure.hateoas.HypermediaAutoConfiguration, org.springframework.boot.autoconfigure.http.HttpMessageConvertersAutoConfiguration, org.springframework.boot.autoconfigure.jackson.JacksonAutoConfiguration, org.springframework.boot.autoconfigure.jsonb.JsonbAutoConfiguration, org.springframework.boot.autoconfigure.mustache.MustacheAutoConfiguration, org.springframework.boot.autoconfigure.task.TaskExecutionAutoConfiguration, org.springframework.boot.autoconfigure.thymeleaf.ThymeleafAutoConfiguration, org.springframework.boot.autoconfigure.validation.ValidationAutoConfiguration, org.springframework.boot.autoconfigure.web.servlet.error.ErrorMvcAutoConfiguration, org.springframework.boot.autoconfigure.web.servlet.WebMvcAutoConfiguration, org.springframework.boot.test.autoconfigure.web.servlet.MockMvcAutoConfiguration, org.springframework.boot.test.autoconfigure.web.servlet.MockMvcSecurityAutoConfiguration, org.springframework.boot.test.autoconfigure.web.servlet.MockMvcWebClientAutoConfiguration, org.springframework.boot.test.autoconfigure.web.servlet.MockMvcWebDriverAutoConfiguration]], org.springframework.boot.test.context.filter.ExcludeFilterContextCustomizer@22c68f43, org.springframework.boot.test.json.DuplicateJsonObjectContextCustomizerFactory$DuplicateJsonObjectContextCustomizer@2be0805c, org.springframework.boot.test.mock.mockito.MockitoContextCustomizer@0], resourceBasePath = 'src/main/webapp', contextLoader = 'org.springframework.boot.test.context.SpringBootContextLoader', parent = [null]], attributes = map[[empty]]], class annotated with @DirtiesContext [false] with mode [null].
02:18:24.512 [Test worker] DEBUG org.springframework.test.annotation.ProfileValueUtils - Retrieved @ProfileValueSourceConfiguration [null] for test class [com.hyunjong.book.springboot.web.HelloControllerTest]
02:18:24.513 [Test worker] DEBUG org.springframework.test.annotation.ProfileValueUtils - Retrieved ProfileValueSource type [class org.springframework.test.annotation.SystemProfileValueSource] for class [com.hyunjong.book.springboot.web.HelloControllerTest]
02:18:24.520 [Test worker] DEBUG org.springframework.test.context.support.DependencyInjectionTestExecutionListener - Performing dependency injection for test context [[DefaultTestContext@585868cd testClass = HelloControllerTest, testInstance = com.hyunjong.book.springboot.web.HelloControllerTest@b77910e, testMethod = [null], testException = [null], mergedContextConfiguration = [WebMergedContextConfiguration@35a749a2 testClass = HelloControllerTest, locations = '{}', classes = '{class com.hyunjong.book.springboot.Application}', contextInitializerClasses = '[]', activeProfiles = '{}', propertySourceLocations = '{}', propertySourceProperties = '{org.springframework.boot.test.autoconfigure.web.servlet.WebMvcTestContextBootstrapper=true}', contextCustomizers = set[org.springframework.boot.test.autoconfigure.OverrideAutoConfigurationContextCustomizerFactory$DisableAutoConfigurationContextCustomizer@34f2eea8, org.springframework.boot.test.autoconfigure.filter.TypeExcludeFiltersContextCustomizer@f31c0a94, org.springframework.boot.test.autoconfigure.properties.PropertyMappingContextCustomizer@9ca6ca84, org.springframework.boot.test.autoconfigure.web.servlet.WebDriverContextCustomizerFactory$Customizer@1c97d3cf, [ImportsContextCustomizer@58169e71 key = [org.springframework.boot.autoconfigure.cache.CacheAutoConfiguration, org.springframework.boot.autoconfigure.context.MessageSourceAutoConfiguration, org.springframework.boot.autoconfigure.data.web.SpringDataWebAutoConfiguration, org.springframework.boot.autoconfigure.freemarker.FreeMarkerAutoConfiguration, org.springframework.boot.autoconfigure.groovy.template.GroovyTemplateAutoConfiguration, org.springframework.boot.autoconfigure.gson.GsonAutoConfiguration, org.springframework.boot.autoconfigure.hateoas.HypermediaAutoConfiguration, org.springframework.boot.autoconfigure.http.HttpMessageConvertersAutoConfiguration, org.springframework.boot.autoconfigure.jackson.JacksonAutoConfiguration, org.springframework.boot.autoconfigure.jsonb.JsonbAutoConfiguration, org.springframework.boot.autoconfigure.mustache.MustacheAutoConfiguration, org.springframework.boot.autoconfigure.task.TaskExecutionAutoConfiguration, org.springframework.boot.autoconfigure.thymeleaf.ThymeleafAutoConfiguration, org.springframework.boot.autoconfigure.validation.ValidationAutoConfiguration, org.springframework.boot.autoconfigure.web.servlet.error.ErrorMvcAutoConfiguration, org.springframework.boot.autoconfigure.web.servlet.WebMvcAutoConfiguration, org.springframework.boot.test.autoconfigure.web.servlet.MockMvcAutoConfiguration, org.springframework.boot.test.autoconfigure.web.servlet.MockMvcSecurityAutoConfiguration, org.springframework.boot.test.autoconfigure.web.servlet.MockMvcWebClientAutoConfiguration, org.springframework.boot.test.autoconfigure.web.servlet.MockMvcWebDriverAutoConfiguration]], org.springframework.boot.test.context.filter.ExcludeFilterContextCustomizer@22c68f43, org.springframework.boot.test.json.DuplicateJsonObjectContextCustomizerFactory$DuplicateJsonObjectContextCustomizer@2be0805c, org.springframework.boot.test.mock.mockito.MockitoContextCustomizer@0], resourceBasePath = 'src/main/webapp', contextLoader = 'org.springframework.boot.test.context.SpringBootContextLoader', parent = [null]], attributes = map[[empty]]]].
02:18:24.682 [Test worker] DEBUG org.springframework.test.context.support.TestPropertySourceUtils - Adding inlined properties to environment: {spring.jmx.enabled=false, org.springframework.boot.test.autoconfigure.web.servlet.WebMvcTestContextBootstrapper=true, server.port=-1}

  .   ____          _            __ _ _
 /\\ / ___'_ __ _ _(_)_ __  __ _ \ \ \ \
( ( )\___ | '_ | '_| | '_ \/ _` | \ \ \ \
 \\/  ___)| |_)| | | | | || (_| |  ) ) ) )
  '  |____| .__|_| |_|_| |_\__, | / / / /
 =========|_|==============|___/=/_/_/_/
 :: Spring Boot ::        (v2.1.7.RELEASE)

2020-07-11 02:18:25.061  INFO 6808 --- [    Test worker] c.h.b.s.web.HelloControllerTest          : Starting HelloControllerTest on DESKTOP-IJTT82P with PID 6808 (started by leehyunjong in C:\Users\leehyunjong\Desktop\spring_project\star-springboot)
2020-07-11 02:18:25.065  INFO 6808 --- [    Test worker] c.h.b.s.web.HelloControllerTest          : No active profile set, falling back to default profiles: default
2020-07-11 02:18:27.217  INFO 6808 --- [    Test worker] o.s.s.concurrent.ThreadPoolTaskExecutor  : Initializing ExecutorService 'applicationTaskExecutor'
2020-07-11 02:18:27.346  INFO 6808 --- [    Test worker] o.s.b.a.w.s.WelcomePageHandlerMapping    : Adding welcome page template: index
2020-07-11 02:18:27.914  INFO 6808 --- [    Test worker] .s.s.UserDetailsServiceAutoConfiguration : 

Using generated security password: 9dde7f07-38db-472b-9b97-fc82a8f878a3

2020-07-11 02:18:28.251  INFO 6808 --- [    Test worker] o.s.s.web.DefaultSecurityFilterChain     : Creating filter chain: any request, [org.springframework.security.web.context.request.async.WebAsyncManagerIntegrationFilter@5793b221, org.springframework.security.web.context.SecurityContextPersistenceFilter@35d7e602, org.springframework.security.web.header.HeaderWriterFilter@2e1bc38a, org.springframework.security.web.csrf.CsrfFilter@5c396493, org.springframework.security.web.authentication.logout.LogoutFilter@1730234a, org.springframework.security.web.authentication.UsernamePasswordAuthenticationFilter@d8940c1, org.springframework.security.web.authentication.ui.DefaultLoginPageGeneratingFilter@1b4d33fa, org.springframework.security.web.authentication.ui.DefaultLogoutPageGeneratingFilter@6aed7686, org.springframework.security.web.authentication.www.BasicAuthenticationFilter@25eb87cd, org.springframework.security.web.savedrequest.RequestCacheAwareFilter@18db9489, org.springframework.security.web.servletapi.SecurityContextHolderAwareRequestFilter@4af206be, org.springframework.security.web.authentication.AnonymousAuthenticationFilter@4f013355, org.springframework.security.web.session.SessionManagementFilter@54955b36, org.springframework.security.web.access.ExceptionTranslationFilter@86ca3bd, org.springframework.security.web.access.intercept.FilterSecurityInterceptor@1c9e79e8]
2020-07-11 02:18:28.329  INFO 6808 --- [    Test worker] o.s.b.t.m.w.SpringBootMockServletContext : Initializing Spring TestDispatcherServlet ''
2020-07-11 02:18:28.329  INFO 6808 --- [    Test worker] o.s.t.web.servlet.TestDispatcherServlet  : Initializing Servlet ''
2020-07-11 02:18:28.353  INFO 6808 --- [    Test worker] o.s.t.web.servlet.TestDispatcherServlet  : Completed initialization in 24 ms
2020-07-11 02:18:28.437  INFO 6808 --- [    Test worker] c.h.b.s.web.HelloControllerTest          : Started HelloControllerTest in 3.744 seconds (JVM running for 5.73)
]]></system-out>
  <system-err><![CDATA[]]></system-err>
</testsuite>
